{"/mnt/c/Users/anton/Desktop/frontend-project-46/src/index.js": {"path":"/mnt/c/Users/anton/Desktop/frontend-project-46/src/index.js","statementMap":{"0":{"start":{"line":5,"column":18},"end":{"line":50,"column":1}},"1":{"start":{"line":6,"column":15},"end":{"line":6,"column":80}},"2":{"start":{"line":8,"column":16},"end":{"line":8,"column":17}},"3":{"start":{"line":9,"column":17},"end":{"line":9,"column":42}},"4":{"start":{"line":11,"column":23},"end":{"line":11,"column":52}},"5":{"start":{"line":12,"column":21},"end":{"line":12,"column":50}},"6":{"start":{"line":14,"column":15},"end":{"line":47,"column":4}},"7":{"start":{"line":15,"column":19},"end":{"line":15,"column":28}},"8":{"start":{"line":16,"column":19},"end":{"line":16,"column":28}},"9":{"start":{"line":18,"column":4},"end":{"line":22,"column":5}},"10":{"start":{"line":19,"column":25},"end":{"line":19,"column":59}},"11":{"start":{"line":21,"column":6},"end":{"line":21,"column":50}},"12":{"start":{"line":24,"column":4},"end":{"line":28,"column":5}},"13":{"start":{"line":25,"column":25},"end":{"line":25,"column":55}},"14":{"start":{"line":27,"column":6},"end":{"line":27,"column":90}},"15":{"start":{"line":30,"column":4},"end":{"line":34,"column":5}},"16":{"start":{"line":31,"column":25},"end":{"line":31,"column":55}},"17":{"start":{"line":33,"column":6},"end":{"line":33,"column":90}},"18":{"start":{"line":36,"column":4},"end":{"line":38,"column":5}},"19":{"start":{"line":37,"column":6},"end":{"line":37,"column":50}},"20":{"start":{"line":39,"column":4},"end":{"line":41,"column":5}},"21":{"start":{"line":40,"column":6},"end":{"line":40,"column":50}},"22":{"start":{"line":42,"column":4},"end":{"line":44,"column":5}},"23":{"start":{"line":43,"column":6},"end":{"line":43,"column":86}},"24":{"start":{"line":46,"column":4},"end":{"line":46,"column":44}},"25":{"start":{"line":49,"column":2},"end":{"line":49,"column":45}},"26":{"start":{"line":53,"column":15},"end":{"line":53,"column":47}},"27":{"start":{"line":54,"column":15},"end":{"line":54,"column":47}},"28":{"start":{"line":56,"column":19},"end":{"line":56,"column":68}},"29":{"start":{"line":57,"column":19},"end":{"line":57,"column":68}},"30":{"start":{"line":59,"column":18},"end":{"line":59,"column":40}},"31":{"start":{"line":60,"column":18},"end":{"line":60,"column":40}},"32":{"start":{"line":62,"column":2},"end":{"line":62,"column":37}}},"fnMap":{"0":{"name":"(anonymous_0)","decl":{"start":{"line":5,"column":18},"end":{"line":5,"column":19}},"loc":{"start":{"line":5,"column":45},"end":{"line":50,"column":1}},"line":5},"1":{"name":"(anonymous_1)","decl":{"start":{"line":14,"column":24},"end":{"line":14,"column":25}},"loc":{"start":{"line":14,"column":33},"end":{"line":47,"column":3}},"line":14},"2":{"name":"gendiff","decl":{"start":{"line":52,"column":24},"end":{"line":52,"column":31}},"loc":{"start":{"line":52,"column":54},"end":{"line":63,"column":1}},"line":52}},"branchMap":{"0":{"loc":{"start":{"line":5,"column":31},"end":{"line":5,"column":40}},"type":"default-arg","locations":[{"start":{"line":5,"column":39},"end":{"line":5,"column":40}}],"line":5},"1":{"loc":{"start":{"line":18,"column":4},"end":{"line":22,"column":5}},"type":"if","locations":[{"start":{"line":18,"column":4},"end":{"line":22,"column":5}},{"start":{},"end":{}}],"line":18},"2":{"loc":{"start":{"line":18,"column":8},"end":{"line":18,"column":102}},"type":"binary-expr","locations":[{"start":{"line":18,"column":8},"end":{"line":18,"column":34}},{"start":{"line":18,"column":38},"end":{"line":18,"column":53}},{"start":{"line":18,"column":57},"end":{"line":18,"column":83}},{"start":{"line":18,"column":87},"end":{"line":18,"column":102}}],"line":18},"3":{"loc":{"start":{"line":24,"column":4},"end":{"line":28,"column":5}},"type":"if","locations":[{"start":{"line":24,"column":4},"end":{"line":28,"column":5}},{"start":{},"end":{}}],"line":24},"4":{"loc":{"start":{"line":24,"column":8},"end":{"line":24,"column":104}},"type":"binary-expr","locations":[{"start":{"line":24,"column":8},"end":{"line":24,"column":34}},{"start":{"line":24,"column":38},"end":{"line":24,"column":53}},{"start":{"line":24,"column":58},"end":{"line":24,"column":84}},{"start":{"line":24,"column":88},"end":{"line":24,"column":103}}],"line":24},"5":{"loc":{"start":{"line":30,"column":4},"end":{"line":34,"column":5}},"type":"if","locations":[{"start":{"line":30,"column":4},"end":{"line":34,"column":5}},{"start":{},"end":{}}],"line":30},"6":{"loc":{"start":{"line":30,"column":8},"end":{"line":30,"column":104}},"type":"binary-expr","locations":[{"start":{"line":30,"column":8},"end":{"line":30,"column":34}},{"start":{"line":30,"column":38},"end":{"line":30,"column":53}},{"start":{"line":30,"column":58},"end":{"line":30,"column":84}},{"start":{"line":30,"column":88},"end":{"line":30,"column":103}}],"line":30},"7":{"loc":{"start":{"line":36,"column":4},"end":{"line":38,"column":5}},"type":"if","locations":[{"start":{"line":36,"column":4},"end":{"line":38,"column":5}},{"start":{},"end":{}}],"line":36},"8":{"loc":{"start":{"line":39,"column":4},"end":{"line":41,"column":5}},"type":"if","locations":[{"start":{"line":39,"column":4},"end":{"line":41,"column":5}},{"start":{},"end":{}}],"line":39},"9":{"loc":{"start":{"line":42,"column":4},"end":{"line":44,"column":5}},"type":"if","locations":[{"start":{"line":42,"column":4},"end":{"line":44,"column":5}},{"start":{},"end":{}}],"line":42}},"s":{"0":1,"1":2,"2":2,"3":2,"4":2,"5":2,"6":2,"7":10,"8":10,"9":10,"10":0,"11":0,"12":10,"13":0,"14":0,"15":10,"16":0,"17":0,"18":10,"19":4,"20":6,"21":2,"22":4,"23":2,"24":2,"25":2,"26":1,"27":1,"28":1,"29":1,"30":1,"31":1,"32":1},"f":{"0":2,"1":10,"2":1},"b":{"0":[2],"1":[0,10],"2":[10,0,0,0],"3":[0,10],"4":[10,0,0,0],"5":[0,10],"6":[10,0,0,0],"7":[4,6],"8":[2,4],"9":[2,2]},"_coverageSchema":"1a1c01bbd47fc00a2c39e90264f33305004495a9","hash":"8523b83a501e60ec919075c8bc1966cc831a26e3"}
,"/mnt/c/Users/anton/Desktop/frontend-project-46/src/parser.js": {"path":"/mnt/c/Users/anton/Desktop/frontend-project-46/src/parser.js","statementMap":{"0":{"start":{"line":4,"column":2},"end":{"line":17,"column":3}},"1":{"start":{"line":5,"column":4},"end":{"line":14,"column":5}},"2":{"start":{"line":7,"column":8},"end":{"line":7,"column":32}},"3":{"start":{"line":10,"column":8},"end":{"line":10,"column":27}},"4":{"start":{"line":13,"column":8},"end":{"line":13,"column":61}},"5":{"start":{"line":16,"column":4},"end":{"line":16,"column":67}}},"fnMap":{"0":{"name":"parser","decl":{"start":{"line":3,"column":24},"end":{"line":3,"column":30}},"loc":{"start":{"line":3,"column":42},"end":{"line":18,"column":1}},"line":3}},"branchMap":{"0":{"loc":{"start":{"line":5,"column":4},"end":{"line":14,"column":5}},"type":"switch","locations":[{"start":{"line":6,"column":6},"end":{"line":7,"column":32}},{"start":{"line":8,"column":6},"end":{"line":8,"column":18}},{"start":{"line":9,"column":6},"end":{"line":10,"column":27}},{"start":{"line":12,"column":6},"end":{"line":13,"column":61}}],"line":5}},"s":{"0":2,"1":2,"2":2,"3":0,"4":0,"5":0},"f":{"0":2},"b":{"0":[2,0,0,0]},"_coverageSchema":"1a1c01bbd47fc00a2c39e90264f33305004495a9","hash":"76eed269bfbc36242f9d063b84bc7b598cd0285d"}
}
