TN:
SF:src/index.js
FN:5,(anonymous_0)
FN:14,(anonymous_1)
FN:52,gendiff
FNF:3
FNH:3
FNDA:2,(anonymous_0)
FNDA:10,(anonymous_1)
FNDA:1,gendiff
DA:5,1
DA:6,2
DA:8,2
DA:9,2
DA:11,2
DA:12,2
DA:14,2
DA:15,10
DA:16,10
DA:18,10
DA:19,0
DA:21,0
DA:24,10
DA:25,0
DA:27,0
DA:30,10
DA:31,0
DA:33,0
DA:36,10
DA:37,4
DA:39,6
DA:40,2
DA:42,4
DA:43,2
DA:46,2
DA:49,2
DA:53,1
DA:54,1
DA:56,1
DA:57,1
DA:59,1
DA:60,1
DA:62,1
LF:33
LH:27
BRDA:5,0,0,2
BRDA:18,1,0,0
BRDA:18,1,1,10
BRDA:18,2,0,10
BRDA:18,2,1,0
BRDA:18,2,2,0
BRDA:18,2,3,0
BRDA:24,3,0,0
BRDA:24,3,1,10
BRDA:24,4,0,10
BRDA:24,4,1,0
BRDA:24,4,2,0
BRDA:24,4,3,0
BRDA:30,5,0,0
BRDA:30,5,1,10
BRDA:30,6,0,10
BRDA:30,6,1,0
BRDA:30,6,2,0
BRDA:30,6,3,0
BRDA:36,7,0,4
BRDA:36,7,1,6
BRDA:39,8,0,2
BRDA:39,8,1,4
BRDA:42,9,0,2
BRDA:42,9,1,2
BRF:25
BRH:13
end_of_record
TN:
SF:src/parser.js
FN:3,parser
FNF:1
FNH:1
FNDA:2,parser
DA:4,2
DA:5,2
DA:7,2
DA:10,0
DA:13,0
DA:16,0
LF:6
LH:3
BRDA:5,0,0,2
BRDA:5,0,1,0
BRDA:5,0,2,0
BRDA:5,0,3,0
BRF:4
BRH:1
end_of_record
